<?xml version="1.0" encoding="UTF-8"?>
<testng-results ignored="0" total="1" passed="1" failed="0" skipped="0">
  <reporter-output>
  </reporter-output>
  <suite started-at="2024-04-02T18:27:38 IST" name="Default suite" finished-at="2024-04-02T18:29:09 IST" duration-ms="90495">
    <groups>
    </groups>
    <test started-at="2024-04-02T18:27:38 IST" name="Default test" finished-at="2024-04-02T18:29:09 IST" duration-ms="90495">
      <class name="testPackage.Framework_Developement_using_HTML_Report">
        <test-method signature="HTMLreports()[pri:0, instance:testPackage.Framework_Developement_using_HTML_Report@147e2ae7]" started-at="2024-04-02T18:27:39 IST" name="HTMLreports" finished-at="2024-04-02T18:29:09 IST" duration-ms="89938" status="PASS">
          <reporter-output>
          </reporter-output>
        </test-method> <!-- HTMLreports -->
      </class> <!-- testPackage.Framework_Developement_using_HTML_Report -->
    </test> <!-- Default test -->
  </suite> <!-- Default suite -->
</testng-results>
